2020-05-09 12:02:22.392  INFO 28239 --- [main] lavalink.server.Launcher                 : 

[32m       .  [31m _                  _ _       _    [32m__ _ _
[32m      /\\ [31m| | __ ___   ____ _| (_)_ __ | | __[32m\ \ \ \
[32m     ( ( )[31m| |/ _` \ \ / / _` | | | '_ \| |/ /[32m \ \ \ \
[32m      \\/ [31m| | (_| |\ V / (_| | | | | | |   < [32m  ) ) ) )
[32m       '  [31m|_|\__,_| \_/ \__,_|_|_|_| |_|_|\_\[32m / / / /
[0m    =========================================[32m/_/_/_/[0m

	Version:        4f53d09491ba5254eb5c55c234a63b208388d3ef-SNAPSHOT
	Build:          982
	Build time:     18.02.2020 01:14:32 UTC
	Branch          master
	Commit:         4f53d09
	Commit time:    28.12.2019 17:00:51 UTC
	JVM:            14.0.1
	Lavaplayer      1.3.32

2020-05-09 12:02:22.580  INFO 28239 --- [main] lavalink.server.Launcher                 : Starting Launcher on Iskawo-VPS with PID 28239 (/home/iskawo/Desktop/Development/Amethyst/Lavalink.jar started by iskawo in /home/iskawo/Desktop/Development/Amethyst)
2020-05-09 12:02:22.581  INFO 28239 --- [main] lavalink.server.Launcher                 : No active profile set, falling back to default profiles: default
2020-05-09 12:02:22.770  WARN 28239 --- [background-preinit] o.s.h.c.j.Jackson2ObjectMapperBuilder    : For Jackson Kotlin classes support please add "com.fasterxml.jackson.module:jackson-module-kotlin" to the classpath
2020-05-09 12:02:24.625  WARN 28239 --- [main] io.undertow.websockets.jsr               : UT026010: Buffer pool was not set on WebSocketDeploymentInfo, the default pool will be used
2020-05-09 12:02:24.666  INFO 28239 --- [main] io.undertow.servlet                      : Initializing Spring embedded WebApplicationContext
2020-05-09 12:02:24.666  INFO 28239 --- [main] o.s.web.context.ContextLoader            : Root WebApplicationContext: initialization completed in 2003 ms
2020-05-09 12:02:25.302  WARN 28239 --- [main] l.server.config.SentryConfiguration      : Turning off sentry
2020-05-09 12:02:25.312  INFO 28239 --- [main] l.s.c.AudioSendFactoryConfiguration      : OS: Linux, Arch: amd64
2020-05-09 12:02:25.312  INFO 28239 --- [main] l.s.c.AudioSendFactoryConfiguration      : JDA-NAS supported system detected. Enabled native audio sending.
2020-05-09 12:02:25.313  INFO 28239 --- [main] l.s.c.AudioSendFactoryConfiguration      : Setting buffer to 400ms
2020-05-09 12:02:25.313  INFO 28239 --- [main] l.s.c.AudioSendFactoryConfiguration      : Setting playlist load limit to 6
2020-05-09 12:02:25.910  INFO 28239 --- [main] c.s.d.l.tools.GarbageCollectionMonitor   : GC monitoring enabled, reporting results every 2 minutes.
2020-05-09 12:02:26.560  INFO 28239 --- [main] o.s.s.concurrent.ThreadPoolTaskExecutor  : Initializing ExecutorService 'applicationTaskExecutor'
2020-05-09 12:02:27.329  INFO 28239 --- [main] org.xnio                                 : XNIO version 3.3.8.Final
2020-05-09 12:02:27.349  INFO 28239 --- [main] org.xnio.nio                             : XNIO NIO Implementation Version 3.3.8.Final
2020-05-09 12:02:27.519  INFO 28239 --- [main] o.s.b.w.e.u.UndertowServletWebServer     : Undertow started on port(s) 2333 (http) with context path ''
2020-05-09 12:02:27.542  INFO 28239 --- [main] lavalink.server.Launcher                 : Started Launcher in 5.841 seconds (JVM running for 6.593)
2020-05-09 12:02:39.501  INFO 28239 --- [XNIO-1 task-1] io.undertow.servlet                      : Initializing Spring DispatcherServlet 'dispatcherServlet'
2020-05-09 12:02:39.505  INFO 28239 --- [XNIO-1 task-1] o.s.web.servlet.DispatcherServlet        : Initializing Servlet 'dispatcherServlet'
2020-05-09 12:02:39.517  INFO 28239 --- [XNIO-1 task-1] o.s.web.servlet.DispatcherServlet        : Completed initialization in 12 ms
2020-05-09 12:02:39.551  INFO 28239 --- [XNIO-1 task-1] l.server.io.HandshakeInterceptorImpl     : Incoming connection from /127.0.0.1:48014
2020-05-09 12:02:39.661  INFO 28239 --- [XNIO-1 task-1] c.s.d.l.tools.GarbageCollectionMonitor   : GC monitoring enabled, reporting results every 2 minutes.
2020-05-09 12:02:39.788  INFO 28239 --- [XNIO-1 task-1] lavalink.server.io.SocketServer          : Connection successfully established from /127.0.0.1:48014
2020-05-09 12:03:11.962  INFO 28239 --- [XNIO-1 I/O-2] lavalink.server.io.SocketServer          : Connection closed from /127.0.0.1:48014 -- CloseStatus[code=1006, reason=]
2020-05-09 12:03:11.963  INFO 28239 --- [XNIO-1 I/O-2] lavalink.server.io.SocketContext         : Shutting down 0 playing players.
2020-05-09 12:03:11.964  INFO 28239 --- [XNIO-1 I/O-2] c.s.d.l.tools.GarbageCollectionMonitor   : GC monitoring disabled.
2020-05-09 12:03:15.191  INFO 28239 --- [XNIO-1 task-2] l.server.io.HandshakeInterceptorImpl     : Incoming connection from /127.0.0.1:48022
2020-05-09 12:03:15.204  INFO 28239 --- [XNIO-1 task-2] c.s.d.l.tools.GarbageCollectionMonitor   : GC monitoring enabled, reporting results every 2 minutes.
2020-05-09 12:03:15.209  INFO 28239 --- [XNIO-1 task-2] lavalink.server.io.SocketServer          : Connection successfully established from /127.0.0.1:48022
2020-05-09 12:03:47.699  INFO 28239 --- [XNIO-1 I/O-4] lavalink.server.io.SocketServer          : Connection closed from /127.0.0.1:48022 -- CloseStatus[code=1006, reason=]
2020-05-09 12:03:47.700  INFO 28239 --- [XNIO-1 I/O-4] lavalink.server.io.SocketContext         : Shutting down 0 playing players.
2020-05-09 12:03:47.701  INFO 28239 --- [XNIO-1 I/O-4] c.s.d.l.tools.GarbageCollectionMonitor   : GC monitoring disabled.
2020-05-09 12:04:23.788  INFO 28239 --- [XNIO-1 task-3] l.server.io.HandshakeInterceptorImpl     : Incoming connection from /127.0.0.1:48074
2020-05-09 12:04:23.797  INFO 28239 --- [XNIO-1 task-3] c.s.d.l.tools.GarbageCollectionMonitor   : GC monitoring enabled, reporting results every 2 minutes.
2020-05-09 12:04:23.811  INFO 28239 --- [XNIO-1 task-3] lavalink.server.io.SocketServer          : Connection successfully established from /127.0.0.1:48074
2020-05-09 12:05:15.023  INFO 28239 --- [XNIO-1 I/O-2] lavalink.server.io.SocketServer          : {"op":"voiceUpdate","guildId":"530042809366085652","sessionId":"b8eebe62cc5dead76fe7d939f8d044b2","event":{"token":"0ca95ccb6749570c","guild_id":"530042809366085652","endpoint":"eu-central450.discord.media:80"}}
2020-05-09 12:05:18.295  INFO 28239 --- [XNIO-1 task-4] l.server.player.AudioLoaderRestHandler   : GET /loadtracks
2020-05-09 12:05:18.538  INFO 28239 --- [XNIO-1 task-5] l.server.player.AudioLoaderRestHandler   : GET /loadtracks
2020-05-09 12:05:20.120  INFO 28239 --- [lava-daemon-pool-info-loader-2-thread-1] lavalink.server.player.AudioLoader       : Loaded playlist Grime
2020-05-09 12:05:21.382  INFO 28239 --- [lava-daemon-pool-info-loader-2-thread-1] lavalink.server.player.AudioLoader       : Loaded playlist Grime
2020-05-09 12:05:30.195 ERROR 28239 --- [XNIO-4 I/O-1] s.n.m.impl.connections.AudioWebSocket    : Exception in websocket connection, closing

java.lang.IllegalStateException: Failed to connect to wss://eu-central450.discord.media/?v=4
	at space.npstr.magma.impl.connections.hax.ClosingUndertowWebSocketClient$1.handleFailed(ClosingUndertowWebSocketClient.java:73) ~[impl-0.12.3.jar!/:na]
	at org.xnio.IoFuture$HandlingNotifier.notify(IoFuture.java:215) ~[xnio-api-3.3.8.Final.jar!/:3.3.8.Final]
	at org.xnio.AbstractIoFuture$1.run(AbstractIoFuture.java:211) ~[xnio-api-3.3.8.Final.jar!/:3.3.8.Final]
	at org.xnio.IoUtils$2.execute(IoUtils.java:70) ~[xnio-api-3.3.8.Final.jar!/:3.3.8.Final]
	at org.xnio.AbstractIoFuture.runNotifier(AbstractIoFuture.java:354) ~[xnio-api-3.3.8.Final.jar!/:3.3.8.Final]
	at org.xnio.AbstractIoFuture.runAllNotifiers(AbstractIoFuture.java:233) ~[xnio-api-3.3.8.Final.jar!/:3.3.8.Final]
	at org.xnio.AbstractIoFuture.setException(AbstractIoFuture.java:251) ~[xnio-api-3.3.8.Final.jar!/:3.3.8.Final]
	at org.xnio.FutureResult.setException(FutureResult.java:89) ~[xnio-api-3.3.8.Final.jar!/:3.3.8.Final]
	at io.undertow.websockets.client.WebSocketClient$ConnectionBuilder$2.notify(WebSocketClient.java:342) ~[undertow-core-2.0.26.Final.jar!/:2.0.26.Final]
	at org.xnio.AbstractIoFuture$1.run(AbstractIoFuture.java:211) ~[xnio-api-3.3.8.Final.jar!/:3.3.8.Final]
	at org.xnio.IoUtils$2.execute(IoUtils.java:70) ~[xnio-api-3.3.8.Final.jar!/:3.3.8.Final]
	at org.xnio.AbstractIoFuture.runNotifier(AbstractIoFuture.java:354) ~[xnio-api-3.3.8.Final.jar!/:3.3.8.Final]
	at org.xnio.AbstractIoFuture.runAllNotifiers(AbstractIoFuture.java:233) ~[xnio-api-3.3.8.Final.jar!/:3.3.8.Final]
	at org.xnio.AbstractIoFuture.setException(AbstractIoFuture.java:251) ~[xnio-api-3.3.8.Final.jar!/:3.3.8.Final]
	at org.xnio.FutureResult.setException(FutureResult.java:89) ~[xnio-api-3.3.8.Final.jar!/:3.3.8.Final]
	at org.xnio.http.HttpUpgrade$HttpUpgradeState$UpgradeResultListener.handleEvent(HttpUpgrade.java:425) ~[xnio-api-3.3.8.Final.jar!/:3.3.8.Final]
	at org.xnio.http.HttpUpgrade$HttpUpgradeState.flushUpgradeChannel(HttpUpgrade.java:369) ~[xnio-api-3.3.8.Final.jar!/:3.3.8.Final]
	at org.xnio.http.HttpUpgrade$HttpUpgradeState.access$900(HttpUpgrade.java:165) ~[xnio-api-3.3.8.Final.jar!/:3.3.8.Final]
	at org.xnio.http.HttpUpgrade$HttpUpgradeState$StringWriteListener.handleEvent(HttpUpgrade.java:396) ~[xnio-api-3.3.8.Final.jar!/:3.3.8.Final]
	at org.xnio.http.HttpUpgrade$HttpUpgradeState$StringWriteListener.handleEvent(HttpUpgrade.java:372) ~[xnio-api-3.3.8.Final.jar!/:3.3.8.Final]
	at org.xnio.ChannelListeners.invokeChannelListener(ChannelListeners.java:92) ~[xnio-api-3.3.8.Final.jar!/:3.3.8.Final]
	at org.xnio.conduits.WriteReadyHandler$ChannelListenerHandler.writeReady(WriteReadyHandler.java:65) ~[xnio-api-3.3.8.Final.jar!/:3.3.8.Final]
	at io.undertow.protocols.ssl.SslConduit$SslWriteReadyHandler.writeReady(SslConduit.java:1273) ~[undertow-core-2.0.26.Final.jar!/:2.0.26.Final]
	at io.undertow.protocols.ssl.SslConduit$4.run(SslConduit.java:430) ~[undertow-core-2.0.26.Final.jar!/:2.0.26.Final]
	at org.xnio.nio.WorkerThread.safeRun(WorkerThread.java:582) ~[xnio-nio-3.3.8.Final.jar!/:3.3.8.Final]
	at org.xnio.nio.WorkerThread.run(WorkerThread.java:466) ~[xnio-nio-3.3.8.Final.jar!/:3.3.8.Final]
Caused by: java.io.EOFException: XNIO000812: Connection closed unexpectedly
	at org.xnio.http.HttpUpgrade$HttpUpgradeState$UpgradeResultListener.handleEvent(HttpUpgrade.java:416) ~[xnio-api-3.3.8.Final.jar!/:3.3.8.Final]
	... 10 common frames omitted

2020-05-09 12:05:43.093  INFO 28239 --- [XNIO-1 task-8] l.server.player.AudioLoaderRestHandler   : GET /loadtracks
2020-05-09 12:05:43.252  INFO 28239 --- [XNIO-1 task-9] l.server.player.AudioLoaderRestHandler   : GET /loadtracks
2020-05-09 12:05:44.115  INFO 28239 --- [lava-daemon-pool-info-loader-2-thread-1] lavalink.server.player.AudioLoader       : Loaded track Thriller (feat. M Huncho)
2020-05-09 12:05:44.123  INFO 28239 --- [XNIO-1 I/O-2] lavalink.server.io.SocketServer          : {"op":"play","guildId":"530042809366085652","track":"QAAAhAIAGVRocmlsbGVyIChmZWF0LiBNIEh1bmNobykAEVl4bmcgQmFuZSAtIFRvcGljAAAAAAADqYAAC3Q3M1lQUG9tdXRrAAEAK2h0dHBzOi8vd3d3LnlvdXR1YmUuY29tL3dhdGNoP3Y9dDczWVBQb211dGsAB3lvdXR1YmUAAAAAAAAAAA=="}
2020-05-09 12:05:45.091  INFO 28239 --- [lava-daemon-pool-info-loader-2-thread-1] lavalink.server.player.AudioLoader       : Loaded track Thriller (feat. M Huncho)
2020-05-09 12:05:45.186 ERROR 28239 --- [lava-daemon-pool-playback-13-thread-1] c.s.d.l.t.p.LocalAudioTrackExecutor      : Error in playback of t73YPPomutk

com.sedmelluq.discord.lavaplayer.tools.FriendlyException: Something broke when playing the track.
	at com.sedmelluq.discord.lavaplayer.tools.ExceptionTools.wrapUnfriendlyExceptions(ExceptionTools.java:43) ~[lavaplayer-1.3.32.jar!/:na]
	at com.sedmelluq.discord.lavaplayer.track.playback.LocalAudioTrackExecutor.execute(LocalAudioTrackExecutor.java:103) ~[lavaplayer-1.3.32.jar!/:na]
	at com.sedmelluq.discord.lavaplayer.player.DefaultAudioPlayerManager.lambda$executeTrack$1(DefaultAudioPlayerManager.java:349) ~[lavaplayer-1.3.32.jar!/:na]
	at java.base/java.util.concurrent.ThreadPoolExecutor.runWorker(ThreadPoolExecutor.java:1130) ~[na:na]
	at java.base/java.util.concurrent.ThreadPoolExecutor$Worker.run(ThreadPoolExecutor.java:630) ~[na:na]
	at java.base/java.lang.Thread.run(Thread.java:832) ~[na:na]
Caused by: java.io.IOException: Received non-success response code 404
	at com.sedmelluq.discord.lavaplayer.source.youtube.YoutubeSignatureCipherManager.validateResponseCode(YoutubeSignatureCipherManager.java:158) ~[lavaplayer-1.3.32.jar!/:na]
	at com.sedmelluq.discord.lavaplayer.source.youtube.YoutubeSignatureCipherManager.getCipherKeyFromScript(YoutubeSignatureCipherManager.java:143) ~[lavaplayer-1.3.32.jar!/:na]
	at com.sedmelluq.discord.lavaplayer.source.youtube.YoutubeSignatureCipherManager.resolveFormatUrl(YoutubeSignatureCipherManager.java:103) ~[lavaplayer-1.3.32.jar!/:na]
	at com.sedmelluq.discord.lavaplayer.source.youtube.YoutubeAudioTrack.loadBestFormatWithUrl(YoutubeAudioTrack.java:81) ~[lavaplayer-1.3.32.jar!/:na]
	at com.sedmelluq.discord.lavaplayer.source.youtube.YoutubeAudioTrack.process(YoutubeAudioTrack.java:42) ~[lavaplayer-1.3.32.jar!/:na]
	at com.sedmelluq.discord.lavaplayer.track.playback.LocalAudioTrackExecutor.execute(LocalAudioTrackExecutor.java:91) ~[lavaplayer-1.3.32.jar!/:na]
	... 4 common frames omitted

2020-05-09 12:06:03.087  INFO 28239 --- [XNIO-1 I/O-2] lavalink.server.io.SocketServer          : {"op":"stop","guildId":"530042809366085652"}
2020-05-09 12:06:04.092  INFO 28239 --- [XNIO-1 I/O-2] lavalink.server.io.SocketServer          : {"op":"play","guildId":"530042809366085652","track":"QAAAhAIAGVRocmlsbGVyIChmZWF0LiBNIEh1bmNobykAEVl4bmcgQmFuZSAtIFRvcGljAAAAAAADqYAAC3Q3M1lQUG9tdXRrAAEAK2h0dHBzOi8vd3d3LnlvdXR1YmUuY29tL3dhdGNoP3Y9dDczWVBQb211dGsAB3lvdXR1YmUAAAAAAAAAAA=="}
2020-05-09 12:06:05.164 ERROR 28239 --- [lava-daemon-pool-playback-13-thread-1] c.s.d.l.t.p.LocalAudioTrackExecutor      : Error in playback of t73YPPomutk

com.sedmelluq.discord.lavaplayer.tools.FriendlyException: Something broke when playing the track.
	at com.sedmelluq.discord.lavaplayer.tools.ExceptionTools.wrapUnfriendlyExceptions(ExceptionTools.java:43) ~[lavaplayer-1.3.32.jar!/:na]
	at com.sedmelluq.discord.lavaplayer.track.playback.LocalAudioTrackExecutor.execute(LocalAudioTrackExecutor.java:103) ~[lavaplayer-1.3.32.jar!/:na]
	at com.sedmelluq.discord.lavaplayer.player.DefaultAudioPlayerManager.lambda$executeTrack$1(DefaultAudioPlayerManager.java:349) ~[lavaplayer-1.3.32.jar!/:na]
	at java.base/java.util.concurrent.ThreadPoolExecutor.runWorker(ThreadPoolExecutor.java:1130) ~[na:na]
	at java.base/java.util.concurrent.ThreadPoolExecutor$Worker.run(ThreadPoolExecutor.java:630) ~[na:na]
	at java.base/java.lang.Thread.run(Thread.java:832) ~[na:na]
Caused by: java.io.IOException: Received non-success response code 404
	at com.sedmelluq.discord.lavaplayer.source.youtube.YoutubeSignatureCipherManager.validateResponseCode(YoutubeSignatureCipherManager.java:158) ~[lavaplayer-1.3.32.jar!/:na]
	at com.sedmelluq.discord.lavaplayer.source.youtube.YoutubeSignatureCipherManager.getCipherKeyFromScript(YoutubeSignatureCipherManager.java:143) ~[lavaplayer-1.3.32.jar!/:na]
	at com.sedmelluq.discord.lavaplayer.source.youtube.YoutubeSignatureCipherManager.resolveFormatUrl(YoutubeSignatureCipherManager.java:103) ~[lavaplayer-1.3.32.jar!/:na]
	at com.sedmelluq.discord.lavaplayer.source.youtube.YoutubeAudioTrack.loadBestFormatWithUrl(YoutubeAudioTrack.java:81) ~[lavaplayer-1.3.32.jar!/:na]
	at com.sedmelluq.discord.lavaplayer.source.youtube.YoutubeAudioTrack.process(YoutubeAudioTrack.java:42) ~[lavaplayer-1.3.32.jar!/:na]
	at com.sedmelluq.discord.lavaplayer.track.playback.LocalAudioTrackExecutor.execute(LocalAudioTrackExecutor.java:91) ~[lavaplayer-1.3.32.jar!/:na]
	... 4 common frames omitted

2020-05-09 12:06:06.309  INFO 28239 --- [XNIO-1 I/O-2] lavalink.server.io.SocketServer          : {"op":"stop","guildId":"530042809366085652"}
2020-05-09 12:06:06.312  INFO 28239 --- [XNIO-1 I/O-2] lavalink.server.io.SocketServer          : {"op":"destroy","guildId":"530042809366085652"}
2020-05-09 12:06:13.233  INFO 28239 --- [XNIO-1 task-12] l.server.player.AudioLoaderRestHandler   : GET /loadtracks
2020-05-09 12:06:14.092  INFO 28239 --- [lava-daemon-pool-info-loader-2-thread-1] lavalink.server.player.AudioLoader       : Loaded track Thriller (feat. M Huncho)
2020-05-09 12:06:14.102  INFO 28239 --- [XNIO-1 I/O-2] lavalink.server.io.SocketServer          : {"op":"play","guildId":"530042809366085652","track":"QAAAhAIAGVRocmlsbGVyIChmZWF0LiBNIEh1bmNobykAEVl4bmcgQmFuZSAtIFRvcGljAAAAAAADqYAAC3Q3M1lQUG9tdXRrAAEAK2h0dHBzOi8vd3d3LnlvdXR1YmUuY29tL3dhdGNoP3Y9dDczWVBQb211dGsAB3lvdXR1YmUAAAAAAAAAAA=="}
2020-05-09 12:06:14.332  INFO 28239 --- [XNIO-1 I/O-2] lavalink.server.io.SocketServer          : {"op":"voiceUpdate","guildId":"530042809366085652","sessionId":"b8eebe62cc5dead76fe7d939f8d044b2","event":{"token":"133f0d8b33861d72","guild_id":"530042809366085652","endpoint":"eu-central450.discord.media:80"}}
2020-05-09 12:06:15.200 ERROR 28239 --- [lava-daemon-pool-playback-13-thread-1] c.s.d.l.t.p.LocalAudioTrackExecutor      : Error in playback of t73YPPomutk

com.sedmelluq.discord.lavaplayer.tools.FriendlyException: Something broke when playing the track.
	at com.sedmelluq.discord.lavaplayer.tools.ExceptionTools.wrapUnfriendlyExceptions(ExceptionTools.java:43) ~[lavaplayer-1.3.32.jar!/:na]
	at com.sedmelluq.discord.lavaplayer.track.playback.LocalAudioTrackExecutor.execute(LocalAudioTrackExecutor.java:103) ~[lavaplayer-1.3.32.jar!/:na]
	at com.sedmelluq.discord.lavaplayer.player.DefaultAudioPlayerManager.lambda$executeTrack$1(DefaultAudioPlayerManager.java:349) ~[lavaplayer-1.3.32.jar!/:na]
	at java.base/java.util.concurrent.ThreadPoolExecutor.runWorker(ThreadPoolExecutor.java:1130) ~[na:na]
	at java.base/java.util.concurrent.ThreadPoolExecutor$Worker.run(ThreadPoolExecutor.java:630) ~[na:na]
	at java.base/java.lang.Thread.run(Thread.java:832) ~[na:na]
Caused by: java.io.IOException: Received non-success response code 404
	at com.sedmelluq.discord.lavaplayer.source.youtube.YoutubeSignatureCipherManager.validateResponseCode(YoutubeSignatureCipherManager.java:158) ~[lavaplayer-1.3.32.jar!/:na]
	at com.sedmelluq.discord.lavaplayer.source.youtube.YoutubeSignatureCipherManager.getCipherKeyFromScript(YoutubeSignatureCipherManager.java:143) ~[lavaplayer-1.3.32.jar!/:na]
	at com.sedmelluq.discord.lavaplayer.source.youtube.YoutubeSignatureCipherManager.resolveFormatUrl(YoutubeSignatureCipherManager.java:103) ~[lavaplayer-1.3.32.jar!/:na]
	at com.sedmelluq.discord.lavaplayer.source.youtube.YoutubeAudioTrack.loadBestFormatWithUrl(YoutubeAudioTrack.java:81) ~[lavaplayer-1.3.32.jar!/:na]
	at com.sedmelluq.discord.lavaplayer.source.youtube.YoutubeAudioTrack.process(YoutubeAudioTrack.java:42) ~[lavaplayer-1.3.32.jar!/:na]
	at com.sedmelluq.discord.lavaplayer.track.playback.LocalAudioTrackExecutor.execute(LocalAudioTrackExecutor.java:91) ~[lavaplayer-1.3.32.jar!/:na]
	... 4 common frames omitted

2020-05-09 12:06:15.509  INFO 28239 --- [XNIO-1 I/O-2] lavalink.server.io.SocketServer          : {"op":"destroy","guildId":"530042809366085652"}
2020-05-09 12:06:19.050  INFO 28239 --- [XNIO-1 task-14] l.server.player.AudioLoaderRestHandler   : GET /loadtracks
2020-05-09 12:06:20.016  INFO 28239 --- [lava-daemon-pool-info-loader-2-thread-1] lavalink.server.player.AudioLoader       : Loaded track Thriller (feat. M Huncho)
2020-05-09 12:06:20.024  INFO 28239 --- [XNIO-1 I/O-2] lavalink.server.io.SocketServer          : {"op":"play","guildId":"530042809366085652","track":"QAAAhAIAGVRocmlsbGVyIChmZWF0LiBNIEh1bmNobykAEVl4bmcgQmFuZSAtIFRvcGljAAAAAAADqYAAC3Q3M1lQUG9tdXRrAAEAK2h0dHBzOi8vd3d3LnlvdXR1YmUuY29tL3dhdGNoP3Y9dDczWVBQb211dGsAB3lvdXR1YmUAAAAAAAAAAA=="}
2020-05-09 12:06:20.253  INFO 28239 --- [XNIO-1 I/O-2] lavalink.server.io.SocketServer          : {"op":"voiceUpdate","guildId":"530042809366085652","sessionId":"b8eebe62cc5dead76fe7d939f8d044b2","event":{"token":"a49edd428aa16193","guild_id":"530042809366085652","endpoint":"eu-central450.discord.media:80"}}
2020-05-09 12:06:21.014 ERROR 28239 --- [lava-daemon-pool-playback-13-thread-1] c.s.d.l.t.p.LocalAudioTrackExecutor      : Error in playback of t73YPPomutk

com.sedmelluq.discord.lavaplayer.tools.FriendlyException: Something broke when playing the track.
	at com.sedmelluq.discord.lavaplayer.tools.ExceptionTools.wrapUnfriendlyExceptions(ExceptionTools.java:43) ~[lavaplayer-1.3.32.jar!/:na]
	at com.sedmelluq.discord.lavaplayer.track.playback.LocalAudioTrackExecutor.execute(LocalAudioTrackExecutor.java:103) ~[lavaplayer-1.3.32.jar!/:na]
	at com.sedmelluq.discord.lavaplayer.player.DefaultAudioPlayerManager.lambda$executeTrack$1(DefaultAudioPlayerManager.java:349) ~[lavaplayer-1.3.32.jar!/:na]
	at java.base/java.util.concurrent.ThreadPoolExecutor.runWorker(ThreadPoolExecutor.java:1130) ~[na:na]
	at java.base/java.util.concurrent.ThreadPoolExecutor$Worker.run(ThreadPoolExecutor.java:630) ~[na:na]
	at java.base/java.lang.Thread.run(Thread.java:832) ~[na:na]
Caused by: java.io.IOException: Received non-success response code 404
	at com.sedmelluq.discord.lavaplayer.source.youtube.YoutubeSignatureCipherManager.validateResponseCode(YoutubeSignatureCipherManager.java:158) ~[lavaplayer-1.3.32.jar!/:na]
	at com.sedmelluq.discord.lavaplayer.source.youtube.YoutubeSignatureCipherManager.getCipherKeyFromScript(YoutubeSignatureCipherManager.java:143) ~[lavaplayer-1.3.32.jar!/:na]
	at com.sedmelluq.discord.lavaplayer.source.youtube.YoutubeSignatureCipherManager.resolveFormatUrl(YoutubeSignatureCipherManager.java:103) ~[lavaplayer-1.3.32.jar!/:na]
	at com.sedmelluq.discord.lavaplayer.source.youtube.YoutubeAudioTrack.loadBestFormatWithUrl(YoutubeAudioTrack.java:81) ~[lavaplayer-1.3.32.jar!/:na]
	at com.sedmelluq.discord.lavaplayer.source.youtube.YoutubeAudioTrack.process(YoutubeAudioTrack.java:42) ~[lavaplayer-1.3.32.jar!/:na]
	at com.sedmelluq.discord.lavaplayer.track.playback.LocalAudioTrackExecutor.execute(LocalAudioTrackExecutor.java:91) ~[lavaplayer-1.3.32.jar!/:na]
	... 4 common frames omitted

2020-05-09 12:06:34.879  INFO 28239 --- [XNIO-1 I/O-2] lavalink.server.io.SocketServer          : {"op":"seek","guildId":"530042809366085652","position":10000}
2020-05-09 12:06:35.304 ERROR 28239 --- [XNIO-4 I/O-1] s.n.m.impl.connections.AudioWebSocket    : Exception in websocket connection, closing

java.lang.IllegalStateException: Failed to connect to wss://eu-central450.discord.media/?v=4
	at space.npstr.magma.impl.connections.hax.ClosingUndertowWebSocketClient$1.handleFailed(ClosingUndertowWebSocketClient.java:73) ~[impl-0.12.3.jar!/:na]
	at org.xnio.IoFuture$HandlingNotifier.notify(IoFuture.java:215) ~[xnio-api-3.3.8.Final.jar!/:3.3.8.Final]
	at org.xnio.AbstractIoFuture$1.run(AbstractIoFuture.java:211) ~[xnio-api-3.3.8.Final.jar!/:3.3.8.Final]
	at org.xnio.IoUtils$2.execute(IoUtils.java:70) ~[xnio-api-3.3.8.Final.jar!/:3.3.8.Final]
	at org.xnio.AbstractIoFuture.runNotifier(AbstractIoFuture.java:354) ~[xnio-api-3.3.8.Final.jar!/:3.3.8.Final]
	at org.xnio.AbstractIoFuture.runAllNotifiers(AbstractIoFuture.java:233) ~[xnio-api-3.3.8.Final.jar!/:3.3.8.Final]
	at org.xnio.AbstractIoFuture.setException(AbstractIoFuture.java:251) ~[xnio-api-3.3.8.Final.jar!/:3.3.8.Final]
	at org.xnio.FutureResult.setException(FutureResult.java:89) ~[xnio-api-3.3.8.Final.jar!/:3.3.8.Final]
	at io.undertow.websockets.client.WebSocketClient$ConnectionBuilder$2.notify(WebSocketClient.java:342) ~[undertow-core-2.0.26.Final.jar!/:2.0.26.Final]
	at org.xnio.AbstractIoFuture$1.run(AbstractIoFuture.java:211) ~[xnio-api-3.3.8.Final.jar!/:3.3.8.Final]
	at org.xnio.IoUtils$2.execute(IoUtils.java:70) ~[xnio-api-3.3.8.Final.jar!/:3.3.8.Final]
	at org.xnio.AbstractIoFuture.runNotifier(AbstractIoFuture.java:354) ~[xnio-api-3.3.8.Final.jar!/:3.3.8.Final]
	at org.xnio.AbstractIoFuture.runAllNotifiers(AbstractIoFuture.java:233) ~[xnio-api-3.3.8.Final.jar!/:3.3.8.Final]
	at org.xnio.AbstractIoFuture.setException(AbstractIoFuture.java:251) ~[xnio-api-3.3.8.Final.jar!/:3.3.8.Final]
	at org.xnio.FutureResult.setException(FutureResult.java:89) ~[xnio-api-3.3.8.Final.jar!/:3.3.8.Final]
	at org.xnio.http.HttpUpgrade$HttpUpgradeState$UpgradeResultListener.handleEvent(HttpUpgrade.java:425) ~[xnio-api-3.3.8.Final.jar!/:3.3.8.Final]
	at org.xnio.http.HttpUpgrade$HttpUpgradeState.flushUpgradeChannel(HttpUpgrade.java:369) ~[xnio-api-3.3.8.Final.jar!/:3.3.8.Final]
	at org.xnio.http.HttpUpgrade$HttpUpgradeState.access$900(HttpUpgrade.java:165) ~[xnio-api-3.3.8.Final.jar!/:3.3.8.Final]
	at org.xnio.http.HttpUpgrade$HttpUpgradeState$StringWriteListener.handleEvent(HttpUpgrade.java:396) ~[xnio-api-3.3.8.Final.jar!/:3.3.8.Final]
	at org.xnio.http.HttpUpgrade$HttpUpgradeState$StringWriteListener.handleEvent(HttpUpgrade.java:372) ~[xnio-api-3.3.8.Final.jar!/:3.3.8.Final]
	at org.xnio.ChannelListeners.invokeChannelListener(ChannelListeners.java:92) ~[xnio-api-3.3.8.Final.jar!/:3.3.8.Final]
	at org.xnio.conduits.WriteReadyHandler$ChannelListenerHandler.writeReady(WriteReadyHandler.java:65) ~[xnio-api-3.3.8.Final.jar!/:3.3.8.Final]
	at io.undertow.protocols.ssl.SslConduit$SslWriteReadyHandler.writeReady(SslConduit.java:1273) ~[undertow-core-2.0.26.Final.jar!/:2.0.26.Final]
	at io.undertow.protocols.ssl.SslConduit$4.run(SslConduit.java:430) ~[undertow-core-2.0.26.Final.jar!/:2.0.26.Final]
	at org.xnio.nio.WorkerThread.safeRun(WorkerThread.java:582) ~[xnio-nio-3.3.8.Final.jar!/:3.3.8.Final]
	at org.xnio.nio.WorkerThread.run(WorkerThread.java:466) ~[xnio-nio-3.3.8.Final.jar!/:3.3.8.Final]
Caused by: java.io.EOFException: XNIO000812: Connection closed unexpectedly
	at org.xnio.http.HttpUpgrade$HttpUpgradeState$UpgradeResultListener.handleEvent(HttpUpgrade.java:416) ~[xnio-api-3.3.8.Final.jar!/:3.3.8.Final]
	... 10 common frames omitted

2020-05-09 12:06:44.588  INFO 28239 --- [XNIO-1 I/O-2] lavalink.server.io.SocketServer          : {"op":"pause","guildId":"530042809366085652","pause":true}
2020-05-09 12:06:48.461  INFO 28239 --- [XNIO-1 I/O-2] lavalink.server.io.SocketServer          : {"op":"pause","guildId":"530042809366085652","pause":false}
2020-05-09 12:06:57.380  INFO 28239 --- [XNIO-1 I/O-2] lavalink.server.io.SocketServer          : {"op":"destroy","guildId":"530042809366085652"}
2020-05-09 12:07:17.604  INFO 28239 --- [XNIO-1 task-16] l.server.player.AudioLoaderRestHandler   : GET /loadtracks
2020-05-09 12:07:18.384  INFO 28239 --- [lava-daemon-pool-info-loader-2-thread-1] lavalink.server.player.AudioLoader       : Loaded playlist Search results for: yxng bane thriller
2020-05-09 12:07:33.155  INFO 28239 --- [XNIO-1 I/O-2] lavalink.server.io.SocketServer          : {"op":"voiceUpdate","guildId":"530042809366085652","sessionId":"b8eebe62cc5dead76fe7d939f8d044b2","event":{"token":"a8bdbb4b2d46bec5","guild_id":"530042809366085652","endpoint":"eu-central450.discord.media:80"}}
2020-05-09 12:07:34.204  INFO 28239 --- [XNIO-1 task-18] l.server.player.AudioLoaderRestHandler   : GET /loadtracks
2020-05-09 12:07:34.801  INFO 28239 --- [lava-daemon-pool-info-loader-2-thread-1] lavalink.server.player.AudioLoader       : Loaded playlist Search results for: yxng bane thriller
2020-05-09 12:07:50.220  INFO 28239 --- [XNIO-1 I/O-2] lavalink.server.io.SocketServer          : {"op":"stop","guildId":"530042809366085652"}
2020-05-09 12:07:52.196  INFO 28239 --- [XNIO-1 I/O-2] lavalink.server.io.SocketServer          : {"op":"stop","guildId":"530042809366085652"}
2020-05-09 12:07:52.817  INFO 28239 --- [XNIO-1 I/O-2] lavalink.server.io.SocketServer          : {"op":"stop","guildId":"530042809366085652"}
2020-05-09 12:07:54.386  INFO 28239 --- [XNIO-1 I/O-2] lavalink.server.io.SocketServer          : {"op":"stop","guildId":"530042809366085652"}
2020-05-09 12:08:03.670  INFO 28239 --- [XNIO-1 I/O-2] lavalink.server.io.SocketServer          : {"op":"destroy","guildId":"530042809366085652"}
2020-05-09 12:08:10.444  INFO 28239 --- [XNIO-1 I/O-2] lavalink.server.io.SocketServer          : {"op":"voiceUpdate","guildId":"530042809366085652","sessionId":"b8eebe62cc5dead76fe7d939f8d044b2","event":{"token":"0116f7f5166f3eb1","guild_id":"530042809366085652","endpoint":"eu-central450.discord.media:80"}}
2020-05-09 12:08:15.210  INFO 28239 --- [XNIO-1 I/O-2] lavalink.server.io.SocketServer          : {"op":"stop","guildId":"530042809366085652"}
2020-05-09 12:08:21.961  INFO 28239 --- [XNIO-1 I/O-2] lavalink.server.io.SocketServer          : Connection closed from /127.0.0.1:48074 -- CloseStatus[code=1006, reason=]
2020-05-09 12:08:21.962  INFO 28239 --- [XNIO-1 I/O-2] lavalink.server.io.SocketContext         : Shutting down 0 playing players.
2020-05-09 12:08:21.963  INFO 28239 --- [XNIO-1 I/O-2] c.s.d.l.tools.GarbageCollectionMonitor   : GC monitoring disabled.
